app/build/intermediates/manifest_merge_blame_file/debug/manifest-merger-blame-debug-report.txt
1<?xml version="1.0" encoding="utf-8"?>
2<manifest xmlns:android="http://schemas.android.com/apk/res/android"
3    package="com.example.collegelife.ui.main"
4    android:versionCode="1"
5    android:versionName="1.0" >
6
7    <uses-sdk
8        android:minSdkVersion="19"
8-->src\main\AndroidManifest.xml
9        android:targetSdkVersion="29" />
9-->src\main\AndroidManifest.xml
10
11    <uses-feature
11-->src\main\AndroidManifest.xml:5:5-7:35
12        android:name="android.hardware.sensor.accelerometer"
12-->src\main\AndroidManifest.xml:6:9-61
13        android:required="true" /> <!-- To access Google+ APIs: -->
13-->src\main\AndroidManifest.xml:7:9-32
14    <uses-permission android:name="android.permission.INTERNET" />
14-->src\main\AndroidManifest.xml:8:5-67
14-->src\main\AndroidManifest.xml:8:22-64
15
16    <!-- Although the *SdkVersion is captured in gradle build files, this is required for non gradle builds -->
17    <!-- <uses-sdk android:minSdkVersion="14" /> -->
18    <uses-permission android:name="android.permission.ACCESS_NETWORK_STATE" />
18-->[com.google.firebase:firebase-firestore:21.2.1] AndroidManifest.xml:13:5-79
18-->[com.google.firebase:firebase-firestore:21.2.1] AndroidManifest.xml:13:22-76
19
20    <application
20-->src\main\AndroidManifest.xml:10:5-34:19
21        android:name="androidx.multidex.MultiDexApplication"
22        android:allowBackup="true"
22-->src\main\AndroidManifest.xml:11:9-35
23        android:appComponentFactory="androidx.core.app.CoreComponentFactory"
23-->[androidx.core:core:1.1.0] AndroidManifest.xml:24:18-86
24        android:debuggable="true"
25        android:icon="@mipmap/ic_launcher"
25-->src\main\AndroidManifest.xml:12:9-43
26        android:label="@string/app_name"
26-->src\main\AndroidManifest.xml:13:9-41
27        android:largeHeap="true"
27-->src\main\AndroidManifest.xml:17:9-33
28        android:roundIcon="@mipmap/ic_launcher_round"
28-->src\main\AndroidManifest.xml:14:9-54
29        android:supportsRtl="true"
29-->src\main\AndroidManifest.xml:15:9-35
30        android:testOnly="true"
31        android:theme="@style/AppTheme" >
31-->src\main\AndroidManifest.xml:16:9-40
32        <activity android:name="com.example.collegelife.ui.main.ScoreActivity" />
32-->src\main\AndroidManifest.xml:18:9-68
32-->src\main\AndroidManifest.xml:18:19-56
33        <activity android:name="com.example.collegelife.ui.main.BoardPopupActivity" />
33-->src\main\AndroidManifest.xml:19:9-64
33-->src\main\AndroidManifest.xml:19:19-61
34        <activity android:name="com.example.collegelife.ui.main.BoardActivity" />
34-->src\main\AndroidManifest.xml:20:9-59
34-->src\main\AndroidManifest.xml:20:19-56
35        <activity android:name="com.example.collegelife.ui.main.MenuActivity" >
35-->src\main\AndroidManifest.xml:21:9-27:20
35-->src\main\AndroidManifest.xml:21:19-55
36            <intent-filter>
36-->src\main\AndroidManifest.xml:22:13-26:29
37                <action android:name="android.intent.action.MAIN" />
37-->src\main\AndroidManifest.xml:23:17-69
37-->src\main\AndroidManifest.xml:23:25-66
38
39                <category android:name="android.intent.category.LAUNCHER" />
39-->src\main\AndroidManifest.xml:25:17-77
39-->src\main\AndroidManifest.xml:25:27-74
40            </intent-filter>
41        </activity>
42        <activity android:name="com.example.collegelife.ui.main.HighscoreActivity" />
42-->src\main\AndroidManifest.xml:28:9-63
42-->src\main\AndroidManifest.xml:28:19-60
43        <activity
43-->src\main\AndroidManifest.xml:29:9-31:53
44            android:name="com.example.collegelife.ui.main.PopupCardActivity"
44-->src\main\AndroidManifest.xml:30:13-54
45            android:theme="@style/AppTheme.PopMe" />
45-->src\main\AndroidManifest.xml:31:13-50
46        <activity android:name="com.example.collegelife.ui.main.CharacterActivity" />
46-->src\main\AndroidManifest.xml:32:9-63
46-->src\main\AndroidManifest.xml:32:19-60
47        <activity android:name="com.example.collegelife.ui.main.SpinboardActivity" />
47-->src\main\AndroidManifest.xml:33:9-63
47-->src\main\AndroidManifest.xml:33:19-60
48        <activity
48-->[com.google.firebase:firebase-auth:19.1.0] AndroidManifest.xml:24:9-31:50
49            android:name="com.google.firebase.auth.internal.FederatedSignInActivity"
49-->[com.google.firebase:firebase-auth:19.1.0] AndroidManifest.xml:25:13-85
50            android:excludeFromRecents="true"
50-->[com.google.firebase:firebase-auth:19.1.0] AndroidManifest.xml:26:13-46
51            android:exported="true"
51-->[com.google.firebase:firebase-auth:19.1.0] AndroidManifest.xml:27:13-36
52            android:launchMode="singleTask"
52-->[com.google.firebase:firebase-auth:19.1.0] AndroidManifest.xml:28:13-44
53            android:permission="com.google.firebase.auth.api.gms.permission.LAUNCH_FEDERATED_SIGN_IN"
53-->[com.google.firebase:firebase-auth:19.1.0] AndroidManifest.xml:29:13-102
54            android:theme="@android:style/Theme.Translucent.NoTitleBar" />
54-->[com.google.firebase:firebase-auth:19.1.0] AndroidManifest.xml:30:13-72
55
56        <service
56-->[com.google.firebase:firebase-auth:19.1.0] AndroidManifest.xml:33:9-39:19
57            android:name="com.google.firebase.components.ComponentDiscoveryService"
57-->[com.google.firebase:firebase-auth:19.1.0] AndroidManifest.xml:34:13-84
58            android:directBootAware="true"
58-->[com.google.firebase:firebase-common:19.2.0] AndroidManifest.xml:15:13-43
59            android:exported="false" >
59-->[com.google.firebase:firebase-auth:19.1.0] AndroidManifest.xml:35:13-37
60            <meta-data
60-->[com.google.firebase:firebase-auth:19.1.0] AndroidManifest.xml:36:13-38:85
61                android:name="com.google.firebase.components:com.google.firebase.auth.FirebaseAuthRegistrar"
61-->[com.google.firebase:firebase-auth:19.1.0] AndroidManifest.xml:37:17-109
62                android:value="com.google.firebase.components.ComponentRegistrar" />
62-->[com.google.firebase:firebase-auth:19.1.0] AndroidManifest.xml:38:17-82
63            <meta-data
63-->[com.google.firebase:firebase-firestore:21.2.1] AndroidManifest.xml:20:13-22:85
64                android:name="com.google.firebase.components:com.google.firebase.firestore.FirestoreRegistrar"
64-->[com.google.firebase:firebase-firestore:21.2.1] AndroidManifest.xml:21:17-111
65                android:value="com.google.firebase.components.ComponentRegistrar" />
65-->[com.google.firebase:firebase-firestore:21.2.1] AndroidManifest.xml:22:17-82
66            <meta-data
66-->[com.google.firebase:firebase-database:19.2.0] AndroidManifest.xml:32:13-34:85
67                android:name="com.google.firebase.components:com.google.firebase.database.DatabaseRegistrar"
67-->[com.google.firebase:firebase-database:19.2.0] AndroidManifest.xml:33:17-109
68                android:value="com.google.firebase.components.ComponentRegistrar" />
68-->[com.google.firebase:firebase-database:19.2.0] AndroidManifest.xml:34:17-82
69        </service>
70
71        <activity
71-->[com.google.android.gms:play-services-auth:17.0.0] AndroidManifest.xml:23:9-27:75
72            android:name="com.google.android.gms.auth.api.signin.internal.SignInHubActivity"
72-->[com.google.android.gms:play-services-auth:17.0.0] AndroidManifest.xml:24:13-93
73            android:excludeFromRecents="true"
73-->[com.google.android.gms:play-services-auth:17.0.0] AndroidManifest.xml:25:13-46
74            android:exported="false"
74-->[com.google.android.gms:play-services-auth:17.0.0] AndroidManifest.xml:26:13-37
75            android:theme="@android:style/Theme.Translucent.NoTitleBar" />
75-->[com.google.android.gms:play-services-auth:17.0.0] AndroidManifest.xml:27:13-72
76        <!--
77            Service handling Google Sign-In user revocation. For apps that do not integrate with
78            Google Sign-In, this service will never be started.
79        -->
80        <service
80-->[com.google.android.gms:play-services-auth:17.0.0] AndroidManifest.xml:33:9-36:110
81            android:name="com.google.android.gms.auth.api.signin.RevocationBoundService"
81-->[com.google.android.gms:play-services-auth:17.0.0] AndroidManifest.xml:34:13-89
82            android:exported="true"
82-->[com.google.android.gms:play-services-auth:17.0.0] AndroidManifest.xml:35:13-36
83            android:permission="com.google.android.gms.auth.api.signin.permission.REVOCATION_NOTIFICATION" />
83-->[com.google.android.gms:play-services-auth:17.0.0] AndroidManifest.xml:36:13-107
84
85        <activity
85-->[com.google.android.gms:play-services-base:17.1.0] AndroidManifest.xml:23:9-26:75
86            android:name="com.google.android.gms.common.api.GoogleApiActivity"
86-->[com.google.android.gms:play-services-base:17.1.0] AndroidManifest.xml:24:13-79
87            android:exported="false"
87-->[com.google.android.gms:play-services-base:17.1.0] AndroidManifest.xml:25:13-37
88            android:theme="@android:style/Theme.Translucent.NoTitleBar" />
88-->[com.google.android.gms:play-services-base:17.1.0] AndroidManifest.xml:26:13-72
89
90        <provider
90-->[com.google.firebase:firebase-common:19.2.0] AndroidManifest.xml:19:9-23:39
91            android:name="com.google.firebase.provider.FirebaseInitProvider"
91-->[com.google.firebase:firebase-common:19.2.0] AndroidManifest.xml:20:13-77
92            android:authorities="com.example.collegelife.ui.main.firebaseinitprovider"
92-->[com.google.firebase:firebase-common:19.2.0] AndroidManifest.xml:21:13-72
93            android:exported="false"
93-->[com.google.firebase:firebase-common:19.2.0] AndroidManifest.xml:22:13-37
94            android:initOrder="100" />
94-->[com.google.firebase:firebase-common:19.2.0] AndroidManifest.xml:23:13-36
95
96        <meta-data
96-->[com.google.android.gms:play-services-basement:17.0.0] AndroidManifest.xml:23:9-25:69
97            android:name="com.google.android.gms.version"
97-->[com.google.android.gms:play-services-basement:17.0.0] AndroidManifest.xml:24:13-58
98            android:value="@integer/google_play_services_version" />
98-->[com.google.android.gms:play-services-basement:17.0.0] AndroidManifest.xml:25:13-66
99
100        <provider
100-->[androidx.lifecycle:lifecycle-process:2.1.0] AndroidManifest.xml:23:9-27:43
101            android:name="androidx.lifecycle.ProcessLifecycleOwnerInitializer"
101-->[androidx.lifecycle:lifecycle-process:2.1.0] AndroidManifest.xml:24:13-79
102            android:authorities="com.example.collegelife.ui.main.lifecycle-process"
102-->[androidx.lifecycle:lifecycle-process:2.1.0] AndroidManifest.xml:25:13-69
103            android:exported="false"
103-->[androidx.lifecycle:lifecycle-process:2.1.0] AndroidManifest.xml:26:13-37
104            android:multiprocess="true" />
104-->[androidx.lifecycle:lifecycle-process:2.1.0] AndroidManifest.xml:27:13-40
105    </application>
106
107</manifest>